INFO - Running compliance on file: /results/result_1.txt
INFO -  Compliance checks: training_3.1.0/common.yaml
INFO -  Compliance checks: training_3.1.0/closed_common.yaml
INFO -  Compliance checks: training_3.1.0/closed_rnnt.yaml
INFO - SUCCESS
INFO - Running compliance on file: /results/result_2.txt
INFO -  Compliance checks: training_3.1.0/common.yaml
INFO -  Compliance checks: training_3.1.0/closed_common.yaml
INFO -  Compliance checks: training_3.1.0/closed_rnnt.yaml
INFO - SUCCESS
INFO - Running compliance on file: /results/result_3.txt
INFO -  Compliance checks: training_3.1.0/common.yaml
INFO -  Compliance checks: training_3.1.0/closed_common.yaml
INFO -  Compliance checks: training_3.1.0/closed_rnnt.yaml
INFO - SUCCESS
INFO - Running compliance on file: /results/result_4.txt
INFO -  Compliance checks: training_3.1.0/common.yaml
INFO -  Compliance checks: training_3.1.0/closed_common.yaml
INFO -  Compliance checks: training_3.1.0/closed_rnnt.yaml
INFO - SUCCESS
INFO - Running compliance on file: /results/result_5.txt
INFO -  Compliance checks: training_3.1.0/common.yaml
INFO -  Compliance checks: training_3.1.0/closed_common.yaml
INFO -  Compliance checks: training_3.1.0/closed_rnnt.yaml
INFO - SUCCESS
INFO - Running compliance on file: /results/result_6.txt
INFO -  Compliance checks: training_3.1.0/common.yaml
INFO -  Compliance checks: training_3.1.0/closed_common.yaml
INFO -  Compliance checks: training_3.1.0/closed_rnnt.yaml
INFO - SUCCESS
INFO - Running compliance on file: /results/result_7.txt
INFO -  Compliance checks: training_3.1.0/common.yaml
INFO -  Compliance checks: training_3.1.0/closed_common.yaml
INFO -  Compliance checks: training_3.1.0/closed_rnnt.yaml
INFO - SUCCESS
INFO - Running compliance on file: /results/result_8.txt
INFO -  Compliance checks: training_3.1.0/common.yaml
INFO -  Compliance checks: training_3.1.0/closed_common.yaml
INFO -  Compliance checks: training_3.1.0/closed_rnnt.yaml
INFO - SUCCESS
INFO - Running compliance on file: /results/result_9.txt
INFO -  Compliance checks: training_3.1.0/common.yaml
INFO -  Compliance checks: training_3.1.0/closed_common.yaml
INFO -  Compliance checks: training_3.1.0/closed_rnnt.yaml
INFO - SUCCESS
INFO - Running compliance on file: /results/result_10.txt
INFO -  Compliance checks: training_3.1.0/common.yaml
INFO -  Compliance checks: training_3.1.0/closed_common.yaml
INFO -  Compliance checks: training_3.1.0/closed_rnnt.yaml
INFO - SUCCESS
