INFO - Running compliance on file: /results/231003102243209672002_1.log
INFO -  Compliance checks: training_3.1.0/common.yaml
INFO -  Compliance checks: training_3.1.0/closed_common.yaml
INFO -  Compliance checks: training_3.1.0/closed_unet3d.yaml
INFO - SUCCESS
INFO - Running compliance on file: /results/231003102243209672002_2.log
INFO -  Compliance checks: training_3.1.0/common.yaml
INFO -  Compliance checks: training_3.1.0/closed_common.yaml
INFO -  Compliance checks: training_3.1.0/closed_unet3d.yaml
INFO - SUCCESS
INFO - Running compliance on file: /results/231003102243209672002_3.log
INFO -  Compliance checks: training_3.1.0/common.yaml
INFO -  Compliance checks: training_3.1.0/closed_common.yaml
INFO -  Compliance checks: training_3.1.0/closed_unet3d.yaml
INFO - SUCCESS
INFO - Running compliance on file: /results/231003102243209672002_4.log
INFO -  Compliance checks: training_3.1.0/common.yaml
INFO -  Compliance checks: training_3.1.0/closed_common.yaml
INFO -  Compliance checks: training_3.1.0/closed_unet3d.yaml
INFO - SUCCESS
INFO - Running compliance on file: /results/231003102243209672002_5.log
INFO -  Compliance checks: training_3.1.0/common.yaml
INFO -  Compliance checks: training_3.1.0/closed_common.yaml
INFO -  Compliance checks: training_3.1.0/closed_unet3d.yaml
INFO - SUCCESS
INFO - Running compliance on file: /results/231003102243209672002_6.log
INFO -  Compliance checks: training_3.1.0/common.yaml
INFO -  Compliance checks: training_3.1.0/closed_common.yaml
INFO -  Compliance checks: training_3.1.0/closed_unet3d.yaml
INFO - SUCCESS
INFO - Running compliance on file: /results/231003102243209672002_7.log
INFO -  Compliance checks: training_3.1.0/common.yaml
INFO -  Compliance checks: training_3.1.0/closed_common.yaml
INFO -  Compliance checks: training_3.1.0/closed_unet3d.yaml
INFO - SUCCESS
INFO - Running compliance on file: /results/231003102243209672002_8.log
INFO -  Compliance checks: training_3.1.0/common.yaml
INFO -  Compliance checks: training_3.1.0/closed_common.yaml
INFO -  Compliance checks: training_3.1.0/closed_unet3d.yaml
INFO - SUCCESS
INFO - Running compliance on file: /results/231003102243209672002_9.log
INFO -  Compliance checks: training_3.1.0/common.yaml
INFO -  Compliance checks: training_3.1.0/closed_common.yaml
INFO -  Compliance checks: training_3.1.0/closed_unet3d.yaml
INFO - SUCCESS
INFO - Running compliance on file: /results/231003102243209672002_10.log
INFO -  Compliance checks: training_3.1.0/common.yaml
INFO -  Compliance checks: training_3.1.0/closed_common.yaml
INFO -  Compliance checks: training_3.1.0/closed_unet3d.yaml
INFO - SUCCESS
INFO - Running compliance on file: /results/231003102243209672002_11.log
INFO -  Compliance checks: training_3.1.0/common.yaml
INFO -  Compliance checks: training_3.1.0/closed_common.yaml
INFO -  Compliance checks: training_3.1.0/closed_unet3d.yaml
INFO - SUCCESS
INFO - Running compliance on file: /results/231003102243209672002_12.log
INFO -  Compliance checks: training_3.1.0/common.yaml
INFO -  Compliance checks: training_3.1.0/closed_common.yaml
INFO -  Compliance checks: training_3.1.0/closed_unet3d.yaml
INFO - SUCCESS
INFO - Running compliance on file: /results/231003102243209672002_13.log
INFO -  Compliance checks: training_3.1.0/common.yaml
INFO -  Compliance checks: training_3.1.0/closed_common.yaml
INFO -  Compliance checks: training_3.1.0/closed_unet3d.yaml
INFO - SUCCESS
INFO - Running compliance on file: /results/231003102243209672002_14.log
INFO -  Compliance checks: training_3.1.0/common.yaml
INFO -  Compliance checks: training_3.1.0/closed_common.yaml
INFO -  Compliance checks: training_3.1.0/closed_unet3d.yaml
INFO - SUCCESS
INFO - Running compliance on file: /results/231003102243209672002_15.log
INFO -  Compliance checks: training_3.1.0/common.yaml
INFO -  Compliance checks: training_3.1.0/closed_common.yaml
INFO -  Compliance checks: training_3.1.0/closed_unet3d.yaml
INFO - SUCCESS
INFO - Running compliance on file: /results/231003102243209672002_16.log
INFO -  Compliance checks: training_3.1.0/common.yaml
INFO -  Compliance checks: training_3.1.0/closed_common.yaml
INFO -  Compliance checks: training_3.1.0/closed_unet3d.yaml
INFO - SUCCESS
INFO - Running compliance on file: /results/231003102243209672002_17.log
INFO -  Compliance checks: training_3.1.0/common.yaml
INFO -  Compliance checks: training_3.1.0/closed_common.yaml
INFO -  Compliance checks: training_3.1.0/closed_unet3d.yaml
INFO - SUCCESS
INFO - Running compliance on file: /results/231003102243209672002_18.log
INFO -  Compliance checks: training_3.1.0/common.yaml
INFO -  Compliance checks: training_3.1.0/closed_common.yaml
INFO -  Compliance checks: training_3.1.0/closed_unet3d.yaml
INFO - SUCCESS
INFO - Running compliance on file: /results/231003102243209672002_19.log
INFO -  Compliance checks: training_3.1.0/common.yaml
INFO -  Compliance checks: training_3.1.0/closed_common.yaml
INFO -  Compliance checks: training_3.1.0/closed_unet3d.yaml
INFO - SUCCESS
INFO - Running compliance on file: /results/231003102243209672002_20.log
INFO -  Compliance checks: training_3.1.0/common.yaml
INFO -  Compliance checks: training_3.1.0/closed_common.yaml
INFO -  Compliance checks: training_3.1.0/closed_unet3d.yaml
INFO - SUCCESS
INFO - Running compliance on file: /results/231003102243209672002_21.log
INFO -  Compliance checks: training_3.1.0/common.yaml
INFO -  Compliance checks: training_3.1.0/closed_common.yaml
INFO -  Compliance checks: training_3.1.0/closed_unet3d.yaml
INFO - SUCCESS
INFO - Running compliance on file: /results/231003102243209672002_22.log
INFO -  Compliance checks: training_3.1.0/common.yaml
INFO -  Compliance checks: training_3.1.0/closed_common.yaml
INFO -  Compliance checks: training_3.1.0/closed_unet3d.yaml
INFO - SUCCESS
INFO - Running compliance on file: /results/231003102243209672002_23.log
INFO -  Compliance checks: training_3.1.0/common.yaml
INFO -  Compliance checks: training_3.1.0/closed_common.yaml
INFO -  Compliance checks: training_3.1.0/closed_unet3d.yaml
INFO - SUCCESS
INFO - Running compliance on file: /results/231003102243209672002_24.log
INFO -  Compliance checks: training_3.1.0/common.yaml
INFO -  Compliance checks: training_3.1.0/closed_common.yaml
INFO -  Compliance checks: training_3.1.0/closed_unet3d.yaml
INFO - SUCCESS
INFO - Running compliance on file: /results/231003102243209672002_25.log
INFO -  Compliance checks: training_3.1.0/common.yaml
INFO -  Compliance checks: training_3.1.0/closed_common.yaml
INFO -  Compliance checks: training_3.1.0/closed_unet3d.yaml
INFO - SUCCESS
INFO - Running compliance on file: /results/231003102243209672002_26.log
INFO -  Compliance checks: training_3.1.0/common.yaml
INFO -  Compliance checks: training_3.1.0/closed_common.yaml
INFO -  Compliance checks: training_3.1.0/closed_unet3d.yaml
INFO - SUCCESS
INFO - Running compliance on file: /results/231003102243209672002_27.log
INFO -  Compliance checks: training_3.1.0/common.yaml
INFO -  Compliance checks: training_3.1.0/closed_common.yaml
INFO -  Compliance checks: training_3.1.0/closed_unet3d.yaml
INFO - SUCCESS
INFO - Running compliance on file: /results/231003102243209672002_28.log
INFO -  Compliance checks: training_3.1.0/common.yaml
INFO -  Compliance checks: training_3.1.0/closed_common.yaml
INFO -  Compliance checks: training_3.1.0/closed_unet3d.yaml
INFO - SUCCESS
INFO - Running compliance on file: /results/231003102243209672002_29.log
INFO -  Compliance checks: training_3.1.0/common.yaml
INFO -  Compliance checks: training_3.1.0/closed_common.yaml
INFO -  Compliance checks: training_3.1.0/closed_unet3d.yaml
INFO - SUCCESS
INFO - Running compliance on file: /results/231003102243209672002_30.log
INFO -  Compliance checks: training_3.1.0/common.yaml
INFO -  Compliance checks: training_3.1.0/closed_common.yaml
INFO -  Compliance checks: training_3.1.0/closed_unet3d.yaml
INFO - SUCCESS
INFO - Running compliance on file: /results/231003102243209672002_31.log
INFO -  Compliance checks: training_3.1.0/common.yaml
INFO -  Compliance checks: training_3.1.0/closed_common.yaml
INFO -  Compliance checks: training_3.1.0/closed_unet3d.yaml
INFO - SUCCESS
INFO - Running compliance on file: /results/231003102243209672002_32.log
INFO -  Compliance checks: training_3.1.0/common.yaml
INFO -  Compliance checks: training_3.1.0/closed_common.yaml
INFO -  Compliance checks: training_3.1.0/closed_unet3d.yaml
INFO - SUCCESS
INFO - Running compliance on file: /results/231003102243209672002_33.log
INFO -  Compliance checks: training_3.1.0/common.yaml
INFO -  Compliance checks: training_3.1.0/closed_common.yaml
INFO -  Compliance checks: training_3.1.0/closed_unet3d.yaml
INFO - SUCCESS
INFO - Running compliance on file: /results/231003102243209672002_34.log
INFO -  Compliance checks: training_3.1.0/common.yaml
INFO -  Compliance checks: training_3.1.0/closed_common.yaml
INFO -  Compliance checks: training_3.1.0/closed_unet3d.yaml
INFO - SUCCESS
INFO - Running compliance on file: /results/231003102243209672002_35.log
INFO -  Compliance checks: training_3.1.0/common.yaml
INFO -  Compliance checks: training_3.1.0/closed_common.yaml
INFO -  Compliance checks: training_3.1.0/closed_unet3d.yaml
INFO - SUCCESS
INFO - Running compliance on file: /results/231003102243209672002_36.log
INFO -  Compliance checks: training_3.1.0/common.yaml
INFO -  Compliance checks: training_3.1.0/closed_common.yaml
INFO -  Compliance checks: training_3.1.0/closed_unet3d.yaml
INFO - SUCCESS
INFO - Running compliance on file: /results/231003102243209672002_37.log
INFO -  Compliance checks: training_3.1.0/common.yaml
INFO -  Compliance checks: training_3.1.0/closed_common.yaml
INFO -  Compliance checks: training_3.1.0/closed_unet3d.yaml
INFO - SUCCESS
INFO - Running compliance on file: /results/231003102243209672002_38.log
INFO -  Compliance checks: training_3.1.0/common.yaml
INFO -  Compliance checks: training_3.1.0/closed_common.yaml
INFO -  Compliance checks: training_3.1.0/closed_unet3d.yaml
INFO - SUCCESS
INFO - Running compliance on file: /results/231003102243209672002_39.log
INFO -  Compliance checks: training_3.1.0/common.yaml
INFO -  Compliance checks: training_3.1.0/closed_common.yaml
INFO -  Compliance checks: training_3.1.0/closed_unet3d.yaml
INFO - SUCCESS
INFO - Running compliance on file: /results/231003102243209672002_40.log
INFO -  Compliance checks: training_3.1.0/common.yaml
INFO -  Compliance checks: training_3.1.0/closed_common.yaml
INFO -  Compliance checks: training_3.1.0/closed_unet3d.yaml
INFO - SUCCESS
