INFO - Running compliance on file: /results/231003070151201782374_1.log
INFO -  Compliance checks: training_3.0.0/common.yaml
INFO -  Compliance checks: training_3.0.0/closed_common.yaml
INFO -  Compliance checks: training_3.0.0/closed_unet3d.yaml
INFO - SUCCESS
INFO - Running compliance on file: /results/231003070151201782374_2.log
INFO -  Compliance checks: training_3.0.0/common.yaml
INFO -  Compliance checks: training_3.0.0/closed_common.yaml
INFO -  Compliance checks: training_3.0.0/closed_unet3d.yaml
INFO - SUCCESS
INFO - Running compliance on file: /results/231003070151201782374_3.log
INFO -  Compliance checks: training_3.0.0/common.yaml
INFO -  Compliance checks: training_3.0.0/closed_common.yaml
INFO -  Compliance checks: training_3.0.0/closed_unet3d.yaml
INFO - SUCCESS
INFO - Running compliance on file: /results/231003070151201782374_4.log
INFO -  Compliance checks: training_3.0.0/common.yaml
INFO -  Compliance checks: training_3.0.0/closed_common.yaml
INFO -  Compliance checks: training_3.0.0/closed_unet3d.yaml
INFO - SUCCESS
INFO - Running compliance on file: /results/231003070151201782374_5.log
INFO -  Compliance checks: training_3.0.0/common.yaml
INFO -  Compliance checks: training_3.0.0/closed_common.yaml
INFO -  Compliance checks: training_3.0.0/closed_unet3d.yaml
INFO - SUCCESS
INFO - Running compliance on file: /results/231003070151201782374_6.log
INFO -  Compliance checks: training_3.0.0/common.yaml
INFO -  Compliance checks: training_3.0.0/closed_common.yaml
INFO -  Compliance checks: training_3.0.0/closed_unet3d.yaml
INFO - SUCCESS
INFO - Running compliance on file: /results/231003070151201782374_7.log
INFO -  Compliance checks: training_3.0.0/common.yaml
INFO -  Compliance checks: training_3.0.0/closed_common.yaml
INFO -  Compliance checks: training_3.0.0/closed_unet3d.yaml
INFO - SUCCESS
INFO - Running compliance on file: /results/231003070151201782374_8.log
INFO -  Compliance checks: training_3.0.0/common.yaml
INFO -  Compliance checks: training_3.0.0/closed_common.yaml
INFO -  Compliance checks: training_3.0.0/closed_unet3d.yaml
INFO - SUCCESS
INFO - Running compliance on file: /results/231003070151201782374_9.log
INFO -  Compliance checks: training_3.0.0/common.yaml
INFO -  Compliance checks: training_3.0.0/closed_common.yaml
INFO -  Compliance checks: training_3.0.0/closed_unet3d.yaml
INFO - SUCCESS
INFO - Running compliance on file: /results/231003070151201782374_10.log
INFO -  Compliance checks: training_3.0.0/common.yaml
INFO -  Compliance checks: training_3.0.0/closed_common.yaml
INFO -  Compliance checks: training_3.0.0/closed_unet3d.yaml
INFO - SUCCESS
INFO - Running compliance on file: /results/231003070151201782374_11.log
INFO -  Compliance checks: training_3.0.0/common.yaml
INFO -  Compliance checks: training_3.0.0/closed_common.yaml
INFO -  Compliance checks: training_3.0.0/closed_unet3d.yaml
INFO - SUCCESS
INFO - Running compliance on file: /results/231003070151201782374_12.log
INFO -  Compliance checks: training_3.0.0/common.yaml
INFO -  Compliance checks: training_3.0.0/closed_common.yaml
INFO -  Compliance checks: training_3.0.0/closed_unet3d.yaml
INFO - SUCCESS
INFO - Running compliance on file: /results/231003070151201782374_13.log
INFO -  Compliance checks: training_3.0.0/common.yaml
INFO -  Compliance checks: training_3.0.0/closed_common.yaml
INFO -  Compliance checks: training_3.0.0/closed_unet3d.yaml
INFO - SUCCESS
INFO - Running compliance on file: /results/231003070151201782374_14.log
INFO -  Compliance checks: training_3.0.0/common.yaml
INFO -  Compliance checks: training_3.0.0/closed_common.yaml
INFO -  Compliance checks: training_3.0.0/closed_unet3d.yaml
INFO - SUCCESS
INFO - Running compliance on file: /results/231003070151201782374_15.log
INFO -  Compliance checks: training_3.0.0/common.yaml
INFO -  Compliance checks: training_3.0.0/closed_common.yaml
INFO -  Compliance checks: training_3.0.0/closed_unet3d.yaml
INFO - SUCCESS
INFO - Running compliance on file: /results/231003070151201782374_16.log
INFO -  Compliance checks: training_3.0.0/common.yaml
INFO -  Compliance checks: training_3.0.0/closed_common.yaml
INFO -  Compliance checks: training_3.0.0/closed_unet3d.yaml
INFO - SUCCESS
INFO - Running compliance on file: /results/231003070151201782374_17.log
INFO -  Compliance checks: training_3.0.0/common.yaml
INFO -  Compliance checks: training_3.0.0/closed_common.yaml
INFO -  Compliance checks: training_3.0.0/closed_unet3d.yaml
INFO - SUCCESS
INFO - Running compliance on file: /results/231003070151201782374_18.log
INFO -  Compliance checks: training_3.0.0/common.yaml
INFO -  Compliance checks: training_3.0.0/closed_common.yaml
INFO -  Compliance checks: training_3.0.0/closed_unet3d.yaml
INFO - SUCCESS
INFO - Running compliance on file: /results/231003070151201782374_19.log
INFO -  Compliance checks: training_3.0.0/common.yaml
INFO -  Compliance checks: training_3.0.0/closed_common.yaml
INFO -  Compliance checks: training_3.0.0/closed_unet3d.yaml
INFO - SUCCESS
INFO - Running compliance on file: /results/231003070151201782374_20.log
INFO -  Compliance checks: training_3.0.0/common.yaml
INFO -  Compliance checks: training_3.0.0/closed_common.yaml
INFO -  Compliance checks: training_3.0.0/closed_unet3d.yaml
INFO - SUCCESS
INFO - Running compliance on file: /results/231003070151201782374_21.log
INFO -  Compliance checks: training_3.0.0/common.yaml
INFO -  Compliance checks: training_3.0.0/closed_common.yaml
INFO -  Compliance checks: training_3.0.0/closed_unet3d.yaml
INFO - SUCCESS
INFO - Running compliance on file: /results/231003070151201782374_22.log
INFO -  Compliance checks: training_3.0.0/common.yaml
INFO -  Compliance checks: training_3.0.0/closed_common.yaml
INFO -  Compliance checks: training_3.0.0/closed_unet3d.yaml
INFO - SUCCESS
INFO - Running compliance on file: /results/231003070151201782374_23.log
INFO -  Compliance checks: training_3.0.0/common.yaml
INFO -  Compliance checks: training_3.0.0/closed_common.yaml
INFO -  Compliance checks: training_3.0.0/closed_unet3d.yaml
INFO - SUCCESS
INFO - Running compliance on file: /results/231003070151201782374_24.log
INFO -  Compliance checks: training_3.0.0/common.yaml
INFO -  Compliance checks: training_3.0.0/closed_common.yaml
INFO -  Compliance checks: training_3.0.0/closed_unet3d.yaml
INFO - SUCCESS
INFO - Running compliance on file: /results/231003070151201782374_25.log
INFO -  Compliance checks: training_3.0.0/common.yaml
INFO -  Compliance checks: training_3.0.0/closed_common.yaml
INFO -  Compliance checks: training_3.0.0/closed_unet3d.yaml
INFO - SUCCESS
INFO - Running compliance on file: /results/231003070151201782374_26.log
INFO -  Compliance checks: training_3.0.0/common.yaml
INFO -  Compliance checks: training_3.0.0/closed_common.yaml
INFO -  Compliance checks: training_3.0.0/closed_unet3d.yaml
INFO - SUCCESS
INFO - Running compliance on file: /results/231003070151201782374_27.log
INFO -  Compliance checks: training_3.0.0/common.yaml
INFO -  Compliance checks: training_3.0.0/closed_common.yaml
INFO -  Compliance checks: training_3.0.0/closed_unet3d.yaml
INFO - SUCCESS
INFO - Running compliance on file: /results/231003070151201782374_28.log
INFO -  Compliance checks: training_3.0.0/common.yaml
INFO -  Compliance checks: training_3.0.0/closed_common.yaml
INFO -  Compliance checks: training_3.0.0/closed_unet3d.yaml
INFO - SUCCESS
INFO - Running compliance on file: /results/231003070151201782374_29.log
INFO -  Compliance checks: training_3.0.0/common.yaml
INFO -  Compliance checks: training_3.0.0/closed_common.yaml
INFO -  Compliance checks: training_3.0.0/closed_unet3d.yaml
INFO - SUCCESS
INFO - Running compliance on file: /results/231003070151201782374_30.log
INFO -  Compliance checks: training_3.0.0/common.yaml
INFO -  Compliance checks: training_3.0.0/closed_common.yaml
INFO -  Compliance checks: training_3.0.0/closed_unet3d.yaml
INFO - SUCCESS
INFO - Running compliance on file: /results/231003070151201782374_31.log
INFO -  Compliance checks: training_3.0.0/common.yaml
INFO -  Compliance checks: training_3.0.0/closed_common.yaml
INFO -  Compliance checks: training_3.0.0/closed_unet3d.yaml
INFO - SUCCESS
INFO - Running compliance on file: /results/231003070151201782374_32.log
INFO -  Compliance checks: training_3.0.0/common.yaml
INFO -  Compliance checks: training_3.0.0/closed_common.yaml
INFO -  Compliance checks: training_3.0.0/closed_unet3d.yaml
INFO - SUCCESS
INFO - Running compliance on file: /results/231003070151201782374_33.log
INFO -  Compliance checks: training_3.0.0/common.yaml
INFO -  Compliance checks: training_3.0.0/closed_common.yaml
INFO -  Compliance checks: training_3.0.0/closed_unet3d.yaml
INFO - SUCCESS
INFO - Running compliance on file: /results/231003070151201782374_34.log
INFO -  Compliance checks: training_3.0.0/common.yaml
INFO -  Compliance checks: training_3.0.0/closed_common.yaml
INFO -  Compliance checks: training_3.0.0/closed_unet3d.yaml
INFO - SUCCESS
INFO - Running compliance on file: /results/231003070151201782374_35.log
INFO -  Compliance checks: training_3.0.0/common.yaml
INFO -  Compliance checks: training_3.0.0/closed_common.yaml
INFO -  Compliance checks: training_3.0.0/closed_unet3d.yaml
INFO - SUCCESS
INFO - Running compliance on file: /results/231003070151201782374_36.log
INFO -  Compliance checks: training_3.0.0/common.yaml
INFO -  Compliance checks: training_3.0.0/closed_common.yaml
INFO -  Compliance checks: training_3.0.0/closed_unet3d.yaml
INFO - SUCCESS
INFO - Running compliance on file: /results/231003070151201782374_37.log
INFO -  Compliance checks: training_3.0.0/common.yaml
INFO -  Compliance checks: training_3.0.0/closed_common.yaml
INFO -  Compliance checks: training_3.0.0/closed_unet3d.yaml
INFO - SUCCESS
INFO - Running compliance on file: /results/231003070151201782374_38.log
INFO -  Compliance checks: training_3.0.0/common.yaml
INFO -  Compliance checks: training_3.0.0/closed_common.yaml
INFO -  Compliance checks: training_3.0.0/closed_unet3d.yaml
INFO - SUCCESS
INFO - Running compliance on file: /results/231003070151201782374_39.log
INFO -  Compliance checks: training_3.0.0/common.yaml
INFO -  Compliance checks: training_3.0.0/closed_common.yaml
INFO -  Compliance checks: training_3.0.0/closed_unet3d.yaml
INFO - SUCCESS
INFO - Running compliance on file: /results/231003070151201782374_40.log
INFO -  Compliance checks: training_3.0.0/common.yaml
INFO -  Compliance checks: training_3.0.0/closed_common.yaml
INFO -  Compliance checks: training_3.0.0/closed_unet3d.yaml
INFO - SUCCESS
