INFO - Running compliance on file: /results/result_1.txt
INFO -  Compliance checks: training_3.1.0/common.yaml
INFO -  Compliance checks: training_3.1.0/closed_common.yaml
INFO -  Compliance checks: training_3.1.0/closed_maskrcnn.yaml
WARNING -  Failed checks for eval_accuracy : v['value']['BBOX'] >= 0.377 and v['value']['BBOX'] < 1.0 and v['value']['SEGM'] >= 0.339 and v['value']['SEGM'] < 1.0
ERROR - FAILED
INFO - Running compliance on file: /results/result_1.txt
INFO -  Compliance checks: training_3.1.0/common.yaml
INFO -  Compliance checks: training_3.1.0/closed_common.yaml
INFO -  Compliance checks: training_3.1.0/closed_maskrcnn.yaml
INFO - SUCCESS
INFO - Running compliance on file: /results/result_2.txt
INFO -  Compliance checks: training_3.1.0/common.yaml
INFO -  Compliance checks: training_3.1.0/closed_common.yaml
INFO -  Compliance checks: training_3.1.0/closed_maskrcnn.yaml
INFO - SUCCESS
INFO - Running compliance on file: /results/result_3.txt
INFO -  Compliance checks: training_3.1.0/common.yaml
INFO -  Compliance checks: training_3.1.0/closed_common.yaml
INFO -  Compliance checks: training_3.1.0/closed_maskrcnn.yaml
INFO - SUCCESS
INFO - Running compliance on file: /results/result_4.txt
INFO -  Compliance checks: training_3.1.0/common.yaml
INFO -  Compliance checks: training_3.1.0/closed_common.yaml
INFO -  Compliance checks: training_3.1.0/closed_maskrcnn.yaml
INFO - SUCCESS
INFO - Running compliance on file: /results/result_5.txt
INFO -  Compliance checks: training_3.1.0/common.yaml
INFO -  Compliance checks: training_3.1.0/closed_common.yaml
INFO -  Compliance checks: training_3.1.0/closed_maskrcnn.yaml
INFO - SUCCESS
