INFO - Running compliance on file: /results/result_1.log
INFO -  Compliance checks: training_3.0.0/common.yaml
INFO -  Compliance checks: training_3.0.0/closed_common.yaml
INFO -  Compliance checks: training_3.0.0/closed_resnet.yaml
INFO -  Compliance checks: training_3.0.0/closed_resnet_lars.yaml
INFO - SUCCESS
INFO - Running compliance on file: /results/result_2.log
INFO -  Compliance checks: training_3.0.0/common.yaml
INFO -  Compliance checks: training_3.0.0/closed_common.yaml
INFO -  Compliance checks: training_3.0.0/closed_resnet.yaml
INFO -  Compliance checks: training_3.0.0/closed_resnet_lars.yaml
INFO - SUCCESS
INFO - Running compliance on file: /results/result_3.log
INFO -  Compliance checks: training_3.0.0/common.yaml
INFO -  Compliance checks: training_3.0.0/closed_common.yaml
INFO -  Compliance checks: training_3.0.0/closed_resnet.yaml
INFO -  Compliance checks: training_3.0.0/closed_resnet_lars.yaml
INFO - SUCCESS
INFO - Running compliance on file: /results/result_4.log
INFO -  Compliance checks: training_3.0.0/common.yaml
INFO -  Compliance checks: training_3.0.0/closed_common.yaml
INFO -  Compliance checks: training_3.0.0/closed_resnet.yaml
INFO -  Compliance checks: training_3.0.0/closed_resnet_lars.yaml
INFO - SUCCESS
INFO - Running compliance on file: /results/result_5.log
INFO -  Compliance checks: training_3.0.0/common.yaml
INFO -  Compliance checks: training_3.0.0/closed_common.yaml
INFO -  Compliance checks: training_3.0.0/closed_resnet.yaml
INFO -  Compliance checks: training_3.0.0/closed_resnet_lars.yaml
INFO - SUCCESS
