INFO -  Checking System Description Files
INFO -   System description checker passed for xFusion FusionServer 2288H V7(6x NVIDIA L4)
INFO -   System description checker passed for xFusion FusionServer G5500 V7(10x NVIDIA A30)
INFO -   System description checker passed for xFusion FusionServer G5500 V7(10x NVIDIA L40)
INFO -   System description checker passed for xFusion FusionServer G5500 V7(8x NVIDIA A30)
INFO -   System description checker passed for xFusion FusionServer G5500 V7(8x NVIDIA L40)
INFO -   System description checker passed for xFusion FusionServer G5500 V7(8 x NVIDIA L40)
INFO -   System description checker passed for xFusion FusionServer G5500 V7(10 x NVIDIA L40)
INFO -   System description checker passed for xFusion FusionServer G5500 V7(8x NVIDIA L40S)
INFO - ------------------------------
INFO -  Running compliance checks in dir /root/1/xFusion/results/G5500V7x8xL40S/rnnt
INFO -  System G5500V7x8xL40S
INFO -  Benchmark rnnt
INFO - ------------------------------
WARNING - Detected 23 total files in directory /root/1/xFusion/results/G5500V7x8xL40S/rnnt, but some do not conform to naming convention, should you rename them to result_*.txt ?
WARNING - Unknown files in result directory: /root/1/xFusion/results/G5500V7x8xL40S/rnnt
INFO - ------------------------------
INFO - Run 1/10
INFO - Running compliance on file: /root/1/xFusion/results/G5500V7x8xL40S/rnnt/result_1.txt
INFO -  Compliance checks: training_3.1.0/common.yaml
INFO -  Compliance checks: training_3.1.0/closed_common.yaml
INFO -  Compliance checks: training_3.1.0/closed_rnnt.yaml
INFO - ------------------------------
INFO - Run 2/10
INFO - Running compliance on file: /root/1/xFusion/results/G5500V7x8xL40S/rnnt/result_10.txt
INFO -  Compliance checks: training_3.1.0/common.yaml
INFO -  Compliance checks: training_3.1.0/closed_common.yaml
INFO -  Compliance checks: training_3.1.0/closed_rnnt.yaml
INFO - ------------------------------
INFO - Run 3/10
INFO - Running compliance on file: /root/1/xFusion/results/G5500V7x8xL40S/rnnt/result_2.txt
INFO -  Compliance checks: training_3.1.0/common.yaml
INFO -  Compliance checks: training_3.1.0/closed_common.yaml
INFO -  Compliance checks: training_3.1.0/closed_rnnt.yaml
INFO - ------------------------------
INFO - Run 4/10
INFO - Running compliance on file: /root/1/xFusion/results/G5500V7x8xL40S/rnnt/result_3.txt
INFO -  Compliance checks: training_3.1.0/common.yaml
INFO -  Compliance checks: training_3.1.0/closed_common.yaml
INFO -  Compliance checks: training_3.1.0/closed_rnnt.yaml
INFO - ------------------------------
INFO - Run 5/10
INFO - Running compliance on file: /root/1/xFusion/results/G5500V7x8xL40S/rnnt/result_4.txt
INFO -  Compliance checks: training_3.1.0/common.yaml
INFO -  Compliance checks: training_3.1.0/closed_common.yaml
INFO -  Compliance checks: training_3.1.0/closed_rnnt.yaml
INFO - ------------------------------
INFO - Run 6/10
INFO - Running compliance on file: /root/1/xFusion/results/G5500V7x8xL40S/rnnt/result_5.txt
INFO -  Compliance checks: training_3.1.0/common.yaml
INFO -  Compliance checks: training_3.1.0/closed_common.yaml
INFO -  Compliance checks: training_3.1.0/closed_rnnt.yaml
INFO - ------------------------------
INFO - Run 7/10
INFO - Running compliance on file: /root/1/xFusion/results/G5500V7x8xL40S/rnnt/result_6.txt
INFO -  Compliance checks: training_3.1.0/common.yaml
INFO -  Compliance checks: training_3.1.0/closed_common.yaml
INFO -  Compliance checks: training_3.1.0/closed_rnnt.yaml
INFO - ------------------------------
INFO - Run 8/10
INFO - Running compliance on file: /root/1/xFusion/results/G5500V7x8xL40S/rnnt/result_7.txt
INFO -  Compliance checks: training_3.1.0/common.yaml
INFO -  Compliance checks: training_3.1.0/closed_common.yaml
INFO -  Compliance checks: training_3.1.0/closed_rnnt.yaml
INFO - ------------------------------
INFO - Run 9/10
INFO - Running compliance on file: /root/1/xFusion/results/G5500V7x8xL40S/rnnt/result_8.txt
INFO -  Compliance checks: training_3.1.0/common.yaml
INFO -  Compliance checks: training_3.1.0/closed_common.yaml
INFO -  Compliance checks: training_3.1.0/closed_rnnt.yaml
INFO - ------------------------------
INFO - Run 10/10
INFO - Running compliance on file: /root/1/xFusion/results/G5500V7x8xL40S/rnnt/result_9.txt
INFO -  Compliance checks: training_3.1.0/common.yaml
INFO -  Compliance checks: training_3.1.0/closed_common.yaml
INFO -  Compliance checks: training_3.1.0/closed_rnnt.yaml
INFO - ------------------------------
INFO -  Running Seed Checker
INFO - ------------------------------
INFO -  Running RCP Checker, pass: pruned_rcps
INFO - ------------------------------
INFO -  RCP Record: {'Benchmark': 'rnnt', 'BS': 2048, 'Hyperparams': {}, 'Epochs to converge': [], 'RCP Mean': 54.07407407407407, 'RCP Stdev': 1.8370254059872677, 'Max Speedup': 1.0248421920943824, 'Min Epochs': 52.76331760265207}
INFO -  Submission mean epochs: 55.6250
INFO - RCP Test Passed: RCP Interpolation
INFO - ------------------------------
INFO - ------------------------------
INFO -  Running compliance checks in dir /root/1/xFusion/results/G5500V7x8xL40S/unet3d
INFO -  System G5500V7x8xL40S
INFO -  Benchmark unet3d
INFO - ------------------------------
WARNING - Detected 42 total files in directory /root/1/xFusion/results/G5500V7x8xL40S/unet3d, but some do not conform to naming convention, should you rename them to result_*.txt ?
WARNING - Unknown files in result directory: /root/1/xFusion/results/G5500V7x8xL40S/unet3d
INFO - ------------------------------
INFO - Run 1/40
INFO - Running compliance on file: /root/1/xFusion/results/G5500V7x8xL40S/unet3d/result_1.txt
INFO -  Compliance checks: training_3.1.0/common.yaml
INFO -  Compliance checks: training_3.1.0/closed_common.yaml
INFO -  Compliance checks: training_3.1.0/closed_unet3d.yaml
