INFO - Running compliance on file: /results/result_1.txt
INFO -  Compliance checks: training_3.1.0/common.yaml
INFO -  Compliance checks: training_3.1.0/closed_common.yaml
INFO -  Compliance checks: training_3.1.0/closed_unet3d.yaml
INFO - SUCCESS
INFO - Running compliance on file: /results/result_2.txt
INFO -  Compliance checks: training_3.1.0/common.yaml
INFO -  Compliance checks: training_3.1.0/closed_common.yaml
INFO -  Compliance checks: training_3.1.0/closed_unet3d.yaml
INFO - SUCCESS
INFO - Running compliance on file: /results/result_3.txt
INFO -  Compliance checks: training_3.1.0/common.yaml
INFO -  Compliance checks: training_3.1.0/closed_common.yaml
INFO -  Compliance checks: training_3.1.0/closed_unet3d.yaml
INFO - SUCCESS
INFO - Running compliance on file: /results/result_4.txt
INFO -  Compliance checks: training_3.1.0/common.yaml
INFO -  Compliance checks: training_3.1.0/closed_common.yaml
INFO -  Compliance checks: training_3.1.0/closed_unet3d.yaml
INFO - SUCCESS
INFO - Running compliance on file: /results/result_5.txt
INFO -  Compliance checks: training_3.1.0/common.yaml
INFO -  Compliance checks: training_3.1.0/closed_common.yaml
INFO -  Compliance checks: training_3.1.0/closed_unet3d.yaml
INFO - SUCCESS
INFO - Running compliance on file: /results/result_6.txt
INFO -  Compliance checks: training_3.1.0/common.yaml
INFO -  Compliance checks: training_3.1.0/closed_common.yaml
INFO -  Compliance checks: training_3.1.0/closed_unet3d.yaml
INFO - SUCCESS
INFO - Running compliance on file: /results/result_7.txt
INFO -  Compliance checks: training_3.1.0/common.yaml
INFO -  Compliance checks: training_3.1.0/closed_common.yaml
INFO -  Compliance checks: training_3.1.0/closed_unet3d.yaml
INFO - SUCCESS
INFO - Running compliance on file: /results/result_8.txt
INFO -  Compliance checks: training_3.1.0/common.yaml
INFO -  Compliance checks: training_3.1.0/closed_common.yaml
INFO -  Compliance checks: training_3.1.0/closed_unet3d.yaml
INFO - SUCCESS
INFO - Running compliance on file: /results/result_9.txt
INFO -  Compliance checks: training_3.1.0/common.yaml
INFO -  Compliance checks: training_3.1.0/closed_common.yaml
INFO -  Compliance checks: training_3.1.0/closed_unet3d.yaml
INFO - SUCCESS
INFO - Running compliance on file: /results/result_10.txt
INFO -  Compliance checks: training_3.1.0/common.yaml
INFO -  Compliance checks: training_3.1.0/closed_common.yaml
INFO -  Compliance checks: training_3.1.0/closed_unet3d.yaml
INFO - SUCCESS
INFO - Running compliance on file: /results/result_11.txt
INFO -  Compliance checks: training_3.1.0/common.yaml
INFO -  Compliance checks: training_3.1.0/closed_common.yaml
INFO -  Compliance checks: training_3.1.0/closed_unet3d.yaml
INFO - SUCCESS
INFO - Running compliance on file: /results/result_12.txt
INFO -  Compliance checks: training_3.1.0/common.yaml
INFO -  Compliance checks: training_3.1.0/closed_common.yaml
INFO -  Compliance checks: training_3.1.0/closed_unet3d.yaml
INFO - SUCCESS
INFO - Running compliance on file: /results/result_13.txt
INFO -  Compliance checks: training_3.1.0/common.yaml
INFO -  Compliance checks: training_3.1.0/closed_common.yaml
INFO -  Compliance checks: training_3.1.0/closed_unet3d.yaml
INFO - SUCCESS
INFO - Running compliance on file: /results/result_14.txt
INFO -  Compliance checks: training_3.1.0/common.yaml
INFO -  Compliance checks: training_3.1.0/closed_common.yaml
INFO -  Compliance checks: training_3.1.0/closed_unet3d.yaml
INFO - SUCCESS
INFO - Running compliance on file: /results/result_15.txt
INFO -  Compliance checks: training_3.1.0/common.yaml
INFO -  Compliance checks: training_3.1.0/closed_common.yaml
INFO -  Compliance checks: training_3.1.0/closed_unet3d.yaml
INFO - SUCCESS
INFO - Running compliance on file: /results/result_16.txt
INFO -  Compliance checks: training_3.1.0/common.yaml
INFO -  Compliance checks: training_3.1.0/closed_common.yaml
INFO -  Compliance checks: training_3.1.0/closed_unet3d.yaml
INFO - SUCCESS
INFO - Running compliance on file: /results/result_17.txt
INFO -  Compliance checks: training_3.1.0/common.yaml
INFO -  Compliance checks: training_3.1.0/closed_common.yaml
INFO -  Compliance checks: training_3.1.0/closed_unet3d.yaml
INFO - SUCCESS
INFO - Running compliance on file: /results/result_18.txt
INFO -  Compliance checks: training_3.1.0/common.yaml
INFO -  Compliance checks: training_3.1.0/closed_common.yaml
INFO -  Compliance checks: training_3.1.0/closed_unet3d.yaml
INFO - SUCCESS
INFO - Running compliance on file: /results/result_19.txt
INFO -  Compliance checks: training_3.1.0/common.yaml
INFO -  Compliance checks: training_3.1.0/closed_common.yaml
INFO -  Compliance checks: training_3.1.0/closed_unet3d.yaml
INFO - SUCCESS
INFO - Running compliance on file: /results/result_20.txt
INFO -  Compliance checks: training_3.1.0/common.yaml
INFO -  Compliance checks: training_3.1.0/closed_common.yaml
INFO -  Compliance checks: training_3.1.0/closed_unet3d.yaml
INFO - SUCCESS
INFO - Running compliance on file: /results/result_21.txt
INFO -  Compliance checks: training_3.1.0/common.yaml
INFO -  Compliance checks: training_3.1.0/closed_common.yaml
INFO -  Compliance checks: training_3.1.0/closed_unet3d.yaml
INFO - SUCCESS
INFO - Running compliance on file: /results/result_22.txt
INFO -  Compliance checks: training_3.1.0/common.yaml
INFO -  Compliance checks: training_3.1.0/closed_common.yaml
INFO -  Compliance checks: training_3.1.0/closed_unet3d.yaml
INFO - SUCCESS
INFO - Running compliance on file: /results/result_23.txt
INFO -  Compliance checks: training_3.1.0/common.yaml
INFO -  Compliance checks: training_3.1.0/closed_common.yaml
INFO -  Compliance checks: training_3.1.0/closed_unet3d.yaml
INFO - SUCCESS
INFO - Running compliance on file: /results/result_24.txt
INFO -  Compliance checks: training_3.1.0/common.yaml
INFO -  Compliance checks: training_3.1.0/closed_common.yaml
INFO -  Compliance checks: training_3.1.0/closed_unet3d.yaml
INFO - SUCCESS
INFO - Running compliance on file: /results/result_25.txt
INFO -  Compliance checks: training_3.1.0/common.yaml
INFO -  Compliance checks: training_3.1.0/closed_common.yaml
INFO -  Compliance checks: training_3.1.0/closed_unet3d.yaml
INFO - SUCCESS
INFO - Running compliance on file: /results/result_26.txt
INFO -  Compliance checks: training_3.1.0/common.yaml
INFO -  Compliance checks: training_3.1.0/closed_common.yaml
INFO -  Compliance checks: training_3.1.0/closed_unet3d.yaml
INFO - SUCCESS
INFO - Running compliance on file: /results/result_27.txt
INFO -  Compliance checks: training_3.1.0/common.yaml
INFO -  Compliance checks: training_3.1.0/closed_common.yaml
INFO -  Compliance checks: training_3.1.0/closed_unet3d.yaml
INFO - SUCCESS
INFO - Running compliance on file: /results/result_28.txt
INFO -  Compliance checks: training_3.1.0/common.yaml
INFO -  Compliance checks: training_3.1.0/closed_common.yaml
INFO -  Compliance checks: training_3.1.0/closed_unet3d.yaml
INFO - SUCCESS
INFO - Running compliance on file: /results/result_29.txt
INFO -  Compliance checks: training_3.1.0/common.yaml
INFO -  Compliance checks: training_3.1.0/closed_common.yaml
INFO -  Compliance checks: training_3.1.0/closed_unet3d.yaml
INFO - SUCCESS
INFO - Running compliance on file: /results/result_30.txt
INFO -  Compliance checks: training_3.1.0/common.yaml
INFO -  Compliance checks: training_3.1.0/closed_common.yaml
INFO -  Compliance checks: training_3.1.0/closed_unet3d.yaml
INFO - SUCCESS
INFO - Running compliance on file: /results/result_31.txt
INFO -  Compliance checks: training_3.1.0/common.yaml
INFO -  Compliance checks: training_3.1.0/closed_common.yaml
INFO -  Compliance checks: training_3.1.0/closed_unet3d.yaml
INFO - SUCCESS
INFO - Running compliance on file: /results/result_32.txt
INFO -  Compliance checks: training_3.1.0/common.yaml
INFO -  Compliance checks: training_3.1.0/closed_common.yaml
INFO -  Compliance checks: training_3.1.0/closed_unet3d.yaml
INFO - SUCCESS
INFO - Running compliance on file: /results/result_33.txt
INFO -  Compliance checks: training_3.1.0/common.yaml
INFO -  Compliance checks: training_3.1.0/closed_common.yaml
INFO -  Compliance checks: training_3.1.0/closed_unet3d.yaml
INFO - SUCCESS
INFO - Running compliance on file: /results/result_34.txt
INFO -  Compliance checks: training_3.1.0/common.yaml
INFO -  Compliance checks: training_3.1.0/closed_common.yaml
INFO -  Compliance checks: training_3.1.0/closed_unet3d.yaml
INFO - SUCCESS
INFO - Running compliance on file: /results/result_35.txt
INFO -  Compliance checks: training_3.1.0/common.yaml
INFO -  Compliance checks: training_3.1.0/closed_common.yaml
INFO -  Compliance checks: training_3.1.0/closed_unet3d.yaml
INFO - SUCCESS
INFO - Running compliance on file: /results/result_36.txt
INFO -  Compliance checks: training_3.1.0/common.yaml
INFO -  Compliance checks: training_3.1.0/closed_common.yaml
INFO -  Compliance checks: training_3.1.0/closed_unet3d.yaml
INFO - SUCCESS
INFO - Running compliance on file: /results/result_37.txt
INFO -  Compliance checks: training_3.1.0/common.yaml
INFO -  Compliance checks: training_3.1.0/closed_common.yaml
INFO -  Compliance checks: training_3.1.0/closed_unet3d.yaml
INFO - SUCCESS
INFO - Running compliance on file: /results/result_38.txt
INFO -  Compliance checks: training_3.1.0/common.yaml
INFO -  Compliance checks: training_3.1.0/closed_common.yaml
INFO -  Compliance checks: training_3.1.0/closed_unet3d.yaml
INFO - SUCCESS
INFO - Running compliance on file: /results/result_39.txt
INFO -  Compliance checks: training_3.1.0/common.yaml
INFO -  Compliance checks: training_3.1.0/closed_common.yaml
INFO -  Compliance checks: training_3.1.0/closed_unet3d.yaml
INFO - SUCCESS
INFO - Running compliance on file: /results/result_40.txt
INFO -  Compliance checks: training_3.1.0/common.yaml
INFO -  Compliance checks: training_3.1.0/closed_common.yaml
INFO -  Compliance checks: training_3.1.0/closed_unet3d.yaml
INFO - SUCCESS
